removed '/mnt/c/Users/Joshua Przyborowski/Documents/GitHub/Hockey-Test/echl15-16/echl15-16.log'
Creating ECHL Database.
Creating ECHL Conference Table.
Inserting ECHL Conference Data.
Conference Name: Eastern
 
Conference Name: Western
 
Creating ECHL Division Table.
Inserting ECHL Division Data.
Conference Name: Eastern
Division Name: East
 
Conference Name: Eastern
Division Name: North
 
Conference Name: Eastern
Division Name: South
 
Conference Name: Western
Division Name: Midwest
 
Conference Name: Western
Division Name: Central
 
Conference Name: Western
Division Name: West
 
Creating ECHL Team Table.
Inserting ECHL Team Data.
Inserting ECHL Teams From Eastern Conference.
Inserting ECHL Teams From East Division.

Team Name: Jackals
Arena Name: First Arena
City Name: Elmira
Full City Name: Elmira, NY
Full Name: Elmira Jackals
Conference: Eastern
Division: East
 
Team Name: Royals
Arena Name: Santander Arena
City Name: Reading
Full City Name: Reading, PA
Full Name: Reading Royals
Conference: Eastern
Division: East
 
Team Name: Admirals
Arena Name: Norfolk Scope
City Name: Norfolk
Full City Name: Norfolk, VA
Full Name: Norfolk Admirals
Conference: Eastern
Division: East
 
Team Name: Thunder
Arena Name: Glens Falls Civic Center
City Name: Glens Falls
Full City Name: Glens Falls, NY
Full Name: Adirondack Thunder
Conference: Eastern
Division: East
 
Team Name: Monarchs
Arena Name: Verizon Wireless Arena
City Name: Manchester
Full City Name: Manchester, NH
Full Name: Manchester Monarchs
Conference: Eastern
Division: East
 
Inserting ECHL Teams From North Division.

Team Name: Wings
Arena Name: Wings Event Center
City Name: Kalamazoo
Full City Name: Kalamazoo, MI
Full Name: Kalamazoo Wings
Conference: Eastern
Division: North
 
Team Name: Walleye
Arena Name: Huntington Center
City Name: Toledo
Full City Name: Toledo, OH
Full Name: Toledo Walleye
Conference: Eastern
Division: North
 
Team Name: Nailers
Arena Name: WesBanco Arena
City Name: Wheeling
Full City Name: Wheeling, WV
Full Name: Wheeling Nailers
Conference: Eastern
Division: North
 
Team Name: Beast
Arena Name: Powerade Centre
City Name: Brampton
Full City Name: Brampton, ON
Full Name: Brampton Beast
Conference: Eastern
Division: North
 
Inserting ECHL Teams From South Division.

Team Name: Gladiators
Arena Name: Infinite Energy Arena
City Name: Duluth
Full City Name: Duluth, GA
Full Name: Atlanta Gladiators
Conference: Eastern
Division: South
 
Team Name: Swamp Rabbits
Arena Name: Bon Secours Wellness Arena
City Name: Greenville
Full City Name: Greenville, SC
Full Name: Greenville Swamp Rabbits
Conference: Eastern
Division: South
 
Team Name: Everblades
Arena Name: Germain Arena
City Name: Estero
Full City Name: Estero, FL
Full Name: Florida Everblades
Conference: Eastern
Division: South
 
Team Name: Solar Bears
Arena Name: Amway Center
City Name: Orlando
Full City Name: Orlando, FL
Full Name: Orlando Solar Bears
Conference: Eastern
Division: South
 
Team Name: Stingrays
Arena Name: North Charleston Coliseum
City Name: North Charleston
Full City Name: North Charleston, SC
Full Name: South Carolina Stingrays
Conference: Eastern
Division: South
 
Inserting ECHL Teams From Western Conference.
Inserting ECHL Teams From Midwest Division.

Team Name: Mallards
Arena Name: iWireless Center
City Name: Moline
Full City Name: Moline, IL
Full Name: Quad City Mallards
Conference: Western
Division: Midwest
 
Team Name: IceMen
Arena Name: Ford Center
City Name: Evansville
Full City Name: Evansville, IN
Full Name: Evansville IceMen
Conference: Western
Division: Midwest
 
Team Name: Fuel
Arena Name: Indiana Farmers Coliseum
City Name: Indianapolis
Full City Name: Indianapolis, IN
Full Name: Indy Fuel
Conference: Western
Division: Midwest
 
Team Name: Komets
Arena Name: Allen County War Memorial Coliseum
City Name: Fort Wayne
Full City Name: Fort Wayne, IN
Full Name: Fort Wayne Komets
Conference: Western
Division: Midwest
 
Team Name: Cyclones
Arena Name: US Bank Arena
City Name: Cincinnati
Full City Name: Cincinnati, OH
Full Name: Cincinnati Cyclones
Conference: Western
Division: Midwest
 
Inserting ECHL Teams From Central Division.

Team Name: Thunder
Arena Name: Intrust Bank Arena
City Name: Wichita
Full City Name: Wichita, KS
Full Name: Wichita Thunder
Conference: Western
Division: Central
 
Team Name: Americans
Arena Name: Allen Event Center
City Name: Allen
Full City Name: Allen, TX
Full Name: Allen Americans
Conference: Western
Division: Central
 
Team Name: Oilers
Arena Name: BOK Center
City Name: Tulsa
Full City Name: Tulsa, OK
Full Name: Tulsa Oilers
Conference: Western
Division: Central
 
Team Name: Mavericks
Arena Name: Silverstein Eye Centers Arena
City Name: Independence
Full City Name: Independence, MO
Full Name: Missouri Mavericks
Conference: Western
Division: Central
 
Inserting ECHL Teams From West Division.

Team Name: Aces
Arena Name: Sullivan Arena
City Name: Anchorage
Full City Name: Anchorage, AK
Full Name: Alaska Aces
Conference: Western
Division: West
 
Team Name: Steelheads
Arena Name: CenturyLink Arena
City Name: Boise
Full City Name: Boise, ID
Full Name: Idaho Steelheads
Conference: Western
Division: West
 
Team Name: Grizzlies
Arena Name: Maverik Center
City Name: West Valley City
Full City Name: West Valley City, UT
Full Name: Utah Grizzlies
Conference: Western
Division: West
 
Team Name: Eagles
Arena Name: Budweiser Events Center
City Name: Loveland
Full City Name: Loveland, CO
Full Name: Colorado Eagles
Conference: Western
Division: West
 
Team Name: Rush
Arena Name: Rushmore Plaza Civic Center
City Name: Rapid City
Full City Name: Rapid City, SD
Full Name: Rapid City Rush
Conference: Western
Division: West
 
DONE! All Team Data Inserted.
Creating ECHL Game Table.
Database Check Return: ok

DONE! All Game Data Inserted.
DONE! ECHL Database Created.

real	0m0.277s
user	0m0.045s
sys	0m0.022s
removed '/mnt/c/Users/Joshua Przyborowski/Documents/GitHub/Hockey-Test/ahl15-16/ahl15-16.log'
Creating AHL Database.
Creating AHL Conference Table.
Inserting AHL Conference Data.
Conference Name: Eastern
 
Conference Name: Western
 
Creating AHL Division Table.
Inserting AHL Division Data.
Conference Name: Eastern
Division Name: Atlantic
 
Conference Name: Eastern
Division Name: North
 
Conference Name: Western
Division Name: Central
 
Conference Name: Western
Division Name: Pacific
 
Creating AHL Team Table.
Inserting AHL Team Data.
Inserting AHL Teams From Eastern Conference.
Inserting AHL Teams From Atlantic Division.

Team Name: Sound Tigers
Arena Name: Webster Bank Arena
City Name: Bridgeport
Full City Name: Bridgeport, CT
Full Name: Bridgeport Sound Tigers
Conference: Eastern
Division: Atlantic
 
Team Name: Wolf Pack
Arena Name: XL Center
City Name: Hartford
Full City Name: Hartford, CT
Full Name: Hartford Wolf Pack
Conference: Eastern
Division: Atlantic
 
Team Name: Bears
Arena Name: Giant Center
City Name: Hershey
Full City Name: Hershey, PA
Full Name: Hershey Bears
Conference: Eastern
Division: Atlantic
 
Team Name: Phantoms
Arena Name: PPL Center
City Name: Allentown
Full City Name: Allentown, PA
Full Name: Lehigh Valley Phantoms
Conference: Eastern
Division: Atlantic
 
Team Name: Pirates
Arena Name: Cross Insurance Arena
City Name: Portland
Full City Name: Portland, ME
Full Name: Portland Pirates
Conference: Eastern
Division: Atlantic
 
Team Name: Bruins
Arena Name: Dunkin' Donuts Center
City Name: Providence
Full City Name: Providence, RI
Full Name: Providence Bruins
Conference: Eastern
Division: Atlantic
 
Team Name: Falcons
Arena Name: MassMutual Center
City Name: Springfield
Full City Name: Springfield, MA
Full Name: Springfield Falcons
Conference: Eastern
Division: Atlantic
 
Team Name: Penguins
Arena Name: Mohegan Sun Arena
City Name: Wilkes-Barre
Full City Name: Wilkes-Barre, PA
Full Name: Wilkes-Barre/Scranton Penguins
Conference: Eastern
Division: Atlantic
 
Inserting AHL Teams From North Division.

Team Name: Devils
Arena Name: Times Union Center
City Name: Albany
Full City Name: Albany, NY
Full Name: Albany Devils
Conference: Eastern
Division: North
 
Team Name: Senators
Arena Name: Floyd L. Maines Veterans Memorial Arena
City Name: Binghamton
Full City Name: Binghamton, NY
Full Name: Binghamton Senators
Conference: Eastern
Division: North
 
Team Name: Americans
Arena Name: Blue Cross Arena
City Name: Rochester
Full City Name: Rochester, NY
Full Name: Rochester Americans
Conference: Eastern
Division: North
 
Team Name: IceCaps
Arena Name: Mile One Centre
City Name: St. John's
Full City Name: St. John's, NL
Full Name: St. John's IceCaps
Conference: Eastern
Division: North
 
Team Name: Crunch
Arena Name: Oncenter War Memorial Arena
City Name: Syracuse
Full City Name: Syracuse, NY
Full Name: Syracuse Crunch
Conference: Eastern
Division: North
 
Team Name: Marlies
Arena Name: Ricoh Coliseum
City Name: Toronto
Full City Name: Toronto, ON
Full Name: Toronto Marlies
Conference: Eastern
Division: North
 
Team Name: Comets
Arena Name: Utica Memorial Auditorium
City Name: Utica
Full City Name: Utica, NY
Full Name: Utica Comets
Conference: Eastern
Division: North
 
Inserting AHL Teams From Western Conference.
Inserting AHL Teams From Central Division.

Team Name: Checkers
Arena Name: Bojangles Coliseum
City Name: Charlotte
Full City Name: Charlotte, NC
Full Name: Charlotte Checkers
Conference: Western
Division: Central
 
Team Name: Wolves
Arena Name: Allstate Arena
City Name: Rosemont
Full City Name: Rosemont, IL
Full Name: Chicago Wolves
Conference: Western
Division: Central
 
Team Name: Griffins
Arena Name: Van Andel Arena
City Name: Grand Rapids
Full City Name: Grand Rapids, MI
Full Name: Grand Rapids Griffins
Conference: Western
Division: Central
 
Team Name: Wild
Arena Name: Wells Fargo Arena
City Name: Des Moines
Full City Name: Des Moines, IA
Full Name: Iowa Wild
Conference: Western
Division: Central
 
Team Name: Monsters
Arena Name: Quicken Loans Arena
City Name: Cleveland
Full City Name: Cleveland, OH
Full Name: Lake Erie Monsters
Conference: Western
Division: Central
 
Team Name: Moose
Arena Name: MTS Centre
City Name: Winnipeg
Full City Name: Winnipeg, MB
Full Name: Manitoba Moose
Conference: Western
Division: Central
 
Team Name: Admirals
Arena Name: BMO Harris Bradley Center
City Name: Milwaukee
Full City Name: Milwaukee, WI
Full Name: Milwaukee Admirals
Conference: Western
Division: Central
 
Team Name: IceHogs
Arena Name: BMO Harris Bank Center
City Name: Rockford
Full City Name: Rockford, IL
Full Name: Rockford IceHogs
Conference: Western
Division: Central
 
Inserting AHL Teams From Pacific Division.

Team Name: Condors
Arena Name: Rabobank Arena
City Name: Bakersfield
Full City Name: Bakersfield, CA
Full Name: Bakersfield Condors
Conference: Western
Division: Pacific
 
Team Name: Reign
Arena Name: Citizens Business Bank Arena
City Name: Ontario
Full City Name: Ontario, CA
Full Name: Ontario Reign
Conference: Western
Division: Pacific
 
Team Name: Rampage
Arena Name: AT&T Center
City Name: San Antonio
Full City Name: San Antonio, TX
Full Name: San Antonio Rampage
Conference: Western
Division: Pacific
 
Team Name: Gulls
Arena Name: Valley View Casino Center
City Name: San Diego
Full City Name: San Diego, CA
Full Name: San Diego Gulls
Conference: Western
Division: Pacific
 
Team Name: Barracuda
Arena Name: SAP Center
City Name: San Jose
Full City Name: San Jose, CA
Full Name: San Jose Barracuda
Conference: Western
Division: Pacific
 
Team Name: Heat
Arena Name: Stockton Arena
City Name: Stockton
Full City Name: Stockton, CA
Full Name: Stockton Heat
Conference: Western
Division: Pacific
 
Team Name: Stars
Arena Name: Cedar Park Center
City Name: Cedar Park
Full City Name: Cedar Park, TX
Full Name: Texas Stars
Conference: Western
Division: Pacific
 
Arena Name: Raley Field
City Name: West Sacramento
Full City Name: West Sacramento, CA
 
DONE! All Team Data Inserted.
Creating AHL Game Table.
Database Check Return: ok

DONE! All Game Data Inserted.
DONE! AHL Database Created.

real	0m0.292s
user	0m0.043s
sys	0m0.029s
removed '/mnt/c/Users/Joshua Przyborowski/Documents/GitHub/Hockey-Test/nhl15-16/nhl15-16.log'
Creating NHL Database.
Creating NHL Conference Table.
Inserting NHL Conference Data.
Conference Name: Eastern
 
Conference Name: Western
 
Creating NHL Division Table.
Inserting NHL Division Data.
Conference Name: Eastern
Division Name: Atlantic
 
Conference Name: Eastern
Division Name: Metropolitan
 
Conference Name: Western
Division Name: Central
 
Conference Name: Western
Division Name: Pacific
 
Creating NHL Team Table.
Inserting NHL Team Data.
Inserting NHL Teams From Eastern Conference.
Inserting NHL Teams From Atlantic Division.

Team Name: Bruins
Arena Name: TD Garden
City Name: Boston
Full City Name: Boston, MA
Full Name: Boston Bruins
Conference: Eastern
Division: Atlantic
 
Team Name: Sabres
Arena Name: First Niagara Center
City Name: Buffalo
Full City Name: Buffalo, NY
Full Name: Buffalo Sabres
Conference: Eastern
Division: Atlantic
 
Team Name: Red Wings
Arena Name: Joe Louis Arena
City Name: Detroit
Full City Name: Detroit, MI
Full Name: Detroit Red Wings
Conference: Eastern
Division: Atlantic
 
Team Name: Panthers
Arena Name: BB&T Center
City Name: Sunrise
Full City Name: Sunrise, FL
Full Name: Florida Panthers
Conference: Eastern
Division: Atlantic
 
Team Name: Canadiens
Arena Name: Bell Centre
City Name: Montreal
Full City Name: Montreal, QC
Full Name: Montreal Canadiens
Conference: Eastern
Division: Atlantic
 
Team Name: Senators
Arena Name: Canadian Tire Centre
City Name: Ottawa
Full City Name: Ottawa, ON
Full Name: Ottawa Senators
Conference: Eastern
Division: Atlantic
 
Team Name: Lightning
Arena Name: Amalie Arena
City Name: Tampa Bay
Full City Name: Tampa Bay, FL
Full Name: Tampa Bay Lightning
Conference: Eastern
Division: Atlantic
 
Team Name: Maple Leafs
Arena Name: Air Canada Centre
City Name: Toronto
Full City Name: Toronto, ON
Full Name: Toronto Maple Leafs
Conference: Eastern
Division: Atlantic
 
Inserting NHL Teams From Metropolitan Division.

Team Name: Hurricanes
Arena Name: PNC Arena
City Name: Carolina
Full City Name: Carolina, NC
Full Name: Carolina Hurricanes
Conference: Eastern
Division: Metropolitan
 
Team Name: Blue Jackets
Arena Name: Nationwide Arena
City Name: Columbus
Full City Name: Columbus, OH
Full Name: Columbus Blue Jackets
Conference: Eastern
Division: Metropolitan
 
Team Name: Devils
Arena Name: Prudential Center
City Name: New Jersey
Full City Name: New Jersey, NJ
Full Name: New Jersey Devils
Conference: Eastern
Division: Metropolitan
 
Team Name: Islanders
Arena Name: Barclays Center
City Name: New York City
Full City Name: New York City, NY
Full Name: New York Islanders
Conference: Eastern
Division: Metropolitan
 
Team Name: Rangers
Arena Name: Madison Square Garden
City Name: New York City
Full City Name: New York City, NY
Full Name: New York Rangers
Conference: Eastern
Division: Metropolitan
 
Team Name: Flyers
Arena Name: Wells Fargo Center
City Name: Philadelphia
Full City Name: Philadelphia, PA
Full Name: Philadelphia Flyers
Conference: Eastern
Division: Metropolitan
 
Team Name: Penguins
Arena Name: Consol Energy Center
City Name: Pittsburgh
Full City Name: Pittsburgh, PA
Full Name: Pittsburgh Penguins
Conference: Eastern
Division: Metropolitan
 
Team Name: Capitals
Arena Name: Verizon Center
City Name: Washington
Full City Name: Washington, D.C.
Full Name: Washington Capitals
Conference: Eastern
Division: Metropolitan
 
Inserting NHL Teams From Western Conference.
Inserting NHL Teams From Central Division.

Team Name: Blackhawks
Arena Name: United Center
City Name: Chicago
Full City Name: Chicago, IL
Full Name: Chicago Blackhawks
Conference: Western
Division: Central
 
Team Name: Avalanche
Arena Name: Pepsi Center
City Name: Denver
Full City Name: Denver, CO
Full Name: Colorado Avalanche
Conference: Western
Division: Central
 
Team Name: Stars
Arena Name: American Airlines Center
City Name: Dallas
Full City Name: Dallas, TX
Full Name: Dallas Stars
Conference: Western
Division: Central
 
Team Name: Wild
Arena Name: Xcel Energy Center
City Name: St. Paul
Full City Name: St. Paul, MN
Full Name: Minnesota Wild
Conference: Western
Division: Central
 
Team Name: Predators
Arena Name: Bridgestone Arena
City Name: Nashville
Full City Name: Nashville, TN
Full Name: Nashville Predators
Conference: Western
Division: Central
 
Team Name: Blues
Arena Name: Scottrade Center
City Name: St. Louis
Full City Name: St. Louis, MO
Full Name: St. Louis Blues
Conference: Western
Division: Central
 
Team Name: Jets
Arena Name: MTS Centre
City Name: Winnipeg
Full City Name: Winnipeg, MB
Full Name: Winnipeg Jets
Conference: Western
Division: Central
 
Inserting NHL Teams From Pacific Division.

Team Name: Ducks
Arena Name: Honda Center
City Name: Anaheim
Full City Name: Anaheim, CA
Full Name: Anaheim Ducks
Conference: Western
Division: Pacific
 
Team Name: Coyotes
Arena Name: Gila River Arena
City Name: Glendale
Full City Name: Glendale, AZ
Full Name: Arizona Coyotes
Conference: Western
Division: Pacific
 
Team Name: Flames
Arena Name: Scotiabank Saddledome
City Name: Calgary
Full City Name: Calgary, AB
Full Name: Calgary Flames
Conference: Western
Division: Pacific
 
Team Name: Oilers
Arena Name: Rexall Place
City Name: Edmonton
Full City Name: Edmonton, AB
Full Name: Edmonton Oilers
Conference: Western
Division: Pacific
 
Team Name: Kings
Arena Name: Staples Center
City Name: Los Angeles
Full City Name: Los Angeles, CA
Full Name: Los Angeles Kings
Conference: Western
Division: Pacific
 
Team Name: Sharks
Arena Name: SAP Center
City Name: San Jose
Full City Name: San Jose, CA
Full Name: San Jose Sharks
Conference: Western
Division: Pacific
 
Team Name: Canucks
Arena Name: Rogers Arena
City Name: Vancouver
Full City Name: Vancouver, BC
Full Name: Vancouver Canucks
Conference: Western
Division: Pacific
 
Arena Name: Gillette Stadium
City Name: Foxborough
Full City Name: Foxborough, MA
 
Arena Name: TCF Bank Stadium
City Name: Minneapolis
Full City Name: Minneapolis, MN
 
Arena Name: Coors Field
City Name: Denver
Full City Name: Denver, CO
 
DONE! All Team Data Inserted.
Creating NHL Game Table.
Database Check Return: ok

DONE! All Game Data Inserted.
DONE! NHL Database Created.

real	0m0.284s
user	0m0.043s
sys	0m0.021s
