Creating NHL Database.
Creating NHL Conference Table.
Inserting NHL Conference Data.
Conference Name: Eastern
 
Conference Name: Western
 
Creating NHL Division Table.
Inserting NHL Division Data.
Conference Name: Eastern
Division Name: Atlantic
 
Conference Name: Eastern
Division Name: Metropolitan
 
Conference Name: Western
Division Name: Central
 
Conference Name: Western
Division Name: Pacific
 
Creating NHL Team Table.
Inserting NHL Team Data.
Inserting NHL Teams From Eastern Conference.
Inserting NHL Teams From Atlantic Division.

Team Name: Bruins
Arena Name: TD Garden
City Name: Boston
Full City Name: Boston, MA
Full Name: Boston Bruins
Conference: Eastern
Division: Atlantic
 
Team Name: Sabres
Arena Name: First Niagara Center
City Name: Buffalo
Full City Name: Buffalo, NY
Full Name: Buffalo Sabres
Conference: Eastern
Division: Atlantic
 
Team Name: Red Wings
Arena Name: Joe Louis Arena
City Name: Detroit
Full City Name: Detroit, MI
Full Name: Detroit Red Wings
Conference: Eastern
Division: Atlantic
 
Team Name: Panthers
Arena Name: BB&T Center
City Name: Sunrise
Full City Name: Sunrise, FL
Full Name: Florida Panthers
Conference: Eastern
Division: Atlantic
 
Team Name: Canadiens
Arena Name: Bell Centre
City Name: Montreal
Full City Name: Montreal, QC
Full Name: Montreal Canadiens
Conference: Eastern
Division: Atlantic
 
Team Name: Senators
Arena Name: Canadian Tire Centre
City Name: Ottawa
Full City Name: Ottawa, ON
Full Name: Ottawa Senators
Conference: Eastern
Division: Atlantic
 
Team Name: Lightning
Arena Name: Amalie Arena
City Name: Tampa Bay
Full City Name: Tampa Bay, FL
Full Name: Tampa Bay Lightning
Conference: Eastern
Division: Atlantic
 
Team Name: Maple Leafs
Arena Name: Air Canada Centre
City Name: Toronto
Full City Name: Toronto, ON
Full Name: Toronto Maple Leafs
Conference: Eastern
Division: Atlantic
 
Inserting NHL Teams From Metropolitan Division.

Team Name: Hurricanes
Arena Name: PNC Arena
City Name: Carolina
Full City Name: Carolina, NC
Full Name: Carolina Hurricanes
Conference: Eastern
Division: Metropolitan
 
Team Name: Blue Jackets
Arena Name: Nationwide Arena
City Name: Columbus
Full City Name: Columbus, OH
Full Name: Columbus Blue Jackets
Conference: Eastern
Division: Metropolitan
 
Team Name: Devils
Arena Name: Prudential Center
City Name: New Jersey
Full City Name: New Jersey, NJ
Full Name: New Jersey Devils
Conference: Eastern
Division: Metropolitan
 
Team Name: Islanders
Arena Name: Barclays Center
City Name: New York City
Full City Name: New York City, NY
Full Name: New York Islanders
Conference: Eastern
Division: Metropolitan
 
Team Name: Rangers
Arena Name: Madison Square Garden
City Name: New York City
Full City Name: New York City, NY
Full Name: New York Rangers
Conference: Eastern
Division: Metropolitan
 
Team Name: Flyers
Arena Name: Wells Fargo Center
City Name: Philadelphia
Full City Name: Philadelphia, PA
Full Name: Philadelphia Flyers
Conference: Eastern
Division: Metropolitan
 
Team Name: Penguins
Arena Name: Consol Energy Center
City Name: Pittsburgh
Full City Name: Pittsburgh, PA
Full Name: Pittsburgh Penguins
Conference: Eastern
Division: Metropolitan
 
Team Name: Capitals
Arena Name: Verizon Center
City Name: Washington
Full City Name: Washington, D.C.
Full Name: Washington Capitals
Conference: Eastern
Division: Metropolitan
 
Inserting NHL Teams From Western Conference.
Inserting NHL Teams From Central Division.

Team Name: Blackhawks
Arena Name: United Center
City Name: Chicago
Full City Name: Chicago, IL
Full Name: Chicago Blackhawks
Conference: Western
Division: Central
 
Team Name: Avalanche
Arena Name: Pepsi Center
City Name: Denver
Full City Name: Denver, CO
Full Name: Colorado Avalanche
Conference: Western
Division: Central
 
Team Name: Stars
Arena Name: American Airlines Center
City Name: Dallas
Full City Name: Dallas, TX
Full Name: Dallas Stars
Conference: Western
Division: Central
 
Team Name: Wild
Arena Name: Xcel Energy Center
City Name: St. Paul
Full City Name: St. Paul, MN
Full Name: Minnesota Wild
Conference: Western
Division: Central
 
Team Name: Predators
Arena Name: Bridgestone Arena
City Name: Nashville
Full City Name: Nashville, TN
Full Name: Nashville Predators
Conference: Western
Division: Central
 
Team Name: Blues
Arena Name: Scottrade Center
City Name: St. Louis
Full City Name: St. Louis, MO
Full Name: St. Louis Blues
Conference: Western
Division: Central
 
Team Name: Jets
Arena Name: MTS Centre
City Name: Winnipeg
Full City Name: Winnipeg, MB
Full Name: Winnipeg Jets
Conference: Western
Division: Central
 
Inserting NHL Teams From Pacific Division.

Team Name: Ducks
Arena Name: Honda Center
City Name: Anaheim
Full City Name: Anaheim, CA
Full Name: Anaheim Ducks
Conference: Western
Division: Pacific
 
Team Name: Coyotes
Arena Name: Gila River Arena
City Name: Glendale
Full City Name: Glendale, AZ
Full Name: Arizona Coyotes
Conference: Western
Division: Pacific
 
Team Name: Flames
Arena Name: Scotiabank Saddledome
City Name: Calgary
Full City Name: Calgary, AB
Full Name: Calgary Flames
Conference: Western
Division: Pacific
 
Team Name: Oilers
Arena Name: Rexall Place
City Name: Edmonton
Full City Name: Edmonton, AB
Full Name: Edmonton Oilers
Conference: Western
Division: Pacific
 
Team Name: Kings
Arena Name: Staples Center
City Name: Los Angeles
Full City Name: Los Angeles, CA
Full Name: Los Angeles Kings
Conference: Western
Division: Pacific
 
Team Name: Sharks
Arena Name: SAP Center
City Name: San Jose
Full City Name: San Jose, CA
Full Name: San Jose Sharks
Conference: Western
Division: Pacific
 
Team Name: Canucks
Arena Name: Rogers Arena
City Name: Vancouver
Full City Name: Vancouver, BC
Full Name: Vancouver Canucks
Conference: Western
Division: Pacific
 
Arena Name: Gillette Stadium
City Name: Foxborough
Full City Name: Foxborough, MA
 
Arena Name: TCF Bank Stadium
City Name: Minneapolis
Full City Name: Minneapolis, MN
 
Arena Name: Coors Field
City Name: Denver
Full City Name: Denver, CO
 
DONE! All Team Data Inserted.
Creating NHL Game Table.
Database Check Return: ok

DONE! All Game Data Inserted.
DONE! NHL Database Created.
