Creating AHL Database.
Creating AHL Conference Table.
Inserting AHL Conference Data.
Conference Name: Eastern
 
Conference Name: Western
 
Creating AHL Division Table.
Inserting AHL Division Data.
Conference Name: Eastern
Division Name: Atlantic
 
Conference Name: Eastern
Division Name: North
 
Conference Name: Western
Division Name: Central
 
Conference Name: Western
Division Name: Pacific
 
Creating AHL Team Table.
Inserting AHL Team Data.
Inserting AHL Teams From Eastern Conference.
Inserting AHL Teams From Atlantic Division.

Team Name: Sound Tigers
Arena Name: Webster Bank Arena
City Name: Bridgeport
Full City Name: Bridgeport, CT
Full Name: Bridgeport Sound Tigers
Conference: Eastern
Division: Atlantic
 
Team Name: Wolf Pack
Arena Name: XL Center
City Name: Hartford
Full City Name: Hartford, CT
Full Name: Hartford Wolf Pack
Conference: Eastern
Division: Atlantic
 
Team Name: Bears
Arena Name: Giant Center
City Name: Hershey
Full City Name: Hershey, PA
Full Name: Hershey Bears
Conference: Eastern
Division: Atlantic
 
Team Name: Phantoms
Arena Name: PPL Center
City Name: Allentown
Full City Name: Allentown, PA
Full Name: Lehigh Valley Phantoms
Conference: Eastern
Division: Atlantic
 
Team Name: Pirates
Arena Name: Cross Insurance Arena
City Name: Portland
Full City Name: Portland, ME
Full Name: Portland Pirates
Conference: Eastern
Division: Atlantic
 
Team Name: Bruins
Arena Name: Dunkin' Donuts Center
City Name: Providence
Full City Name: Providence, RI
Full Name: Providence Bruins
Conference: Eastern
Division: Atlantic
 
Team Name: Falcons
Arena Name: MassMutual Center
City Name: Springfield
Full City Name: Springfield, MA
Full Name: Springfield Falcons
Conference: Eastern
Division: Atlantic
 
Team Name: Penguins
Arena Name: Mohegan Sun Arena
City Name: Wilkes-Barre
Full City Name: Wilkes-Barre, PA
Full Name: Wilkes-Barre/Scranton Penguins
Conference: Eastern
Division: Atlantic
 
Inserting AHL Teams From North Division.

Team Name: Devils
Arena Name: Times Union Center
City Name: Albany
Full City Name: Albany, NY
Full Name: Albany Devils
Conference: Eastern
Division: North
 
Team Name: Senators
Arena Name: Floyd L. Maines Veterans Memorial Arena
City Name: Binghamton
Full City Name: Binghamton, NY
Full Name: Binghamton Senators
Conference: Eastern
Division: North
 
Team Name: Americans
Arena Name: Blue Cross Arena
City Name: Rochester
Full City Name: Rochester, NY
Full Name: Rochester Americans
Conference: Eastern
Division: North
 
Team Name: IceCaps
Arena Name: Mile One Centre
City Name: St. John's
Full City Name: St. John's, NL
Full Name: St. John's IceCaps
Conference: Eastern
Division: North
 
Team Name: Crunch
Arena Name: Oncenter War Memorial Arena
City Name: Syracuse
Full City Name: Syracuse, NY
Full Name: Syracuse Crunch
Conference: Eastern
Division: North
 
Team Name: Marlies
Arena Name: Ricoh Coliseum
City Name: Toronto
Full City Name: Toronto, ON
Full Name: Toronto Marlies
Conference: Eastern
Division: North
 
Team Name: Comets
Arena Name: Utica Memorial Auditorium
City Name: Utica
Full City Name: Utica, NY
Full Name: Utica Comets
Conference: Eastern
Division: North
 
Inserting AHL Teams From Western Conference.
Inserting AHL Teams From Central Division.

Team Name: Checkers
Arena Name: Bojangles Coliseum
City Name: Charlotte
Full City Name: Charlotte, NC
Full Name: Charlotte Checkers
Conference: Western
Division: Central
 
Team Name: Wolves
Arena Name: Allstate Arena
City Name: Rosemont
Full City Name: Rosemont, IL
Full Name: Chicago Wolves
Conference: Western
Division: Central
 
Team Name: Griffins
Arena Name: Van Andel Arena
City Name: Grand Rapids
Full City Name: Grand Rapids, MI
Full Name: Grand Rapids Griffins
Conference: Western
Division: Central
 
Team Name: Wild
Arena Name: Wells Fargo Arena
City Name: Des Moines
Full City Name: Des Moines, IA
Full Name: Iowa Wild
Conference: Western
Division: Central
 
Team Name: Monsters
Arena Name: Quicken Loans Arena
City Name: Cleveland
Full City Name: Cleveland, OH
Full Name: Lake Erie Monsters
Conference: Western
Division: Central
 
Team Name: Moose
Arena Name: MTS Centre
City Name: Winnipeg
Full City Name: Winnipeg, MB
Full Name: Manitoba Moose
Conference: Western
Division: Central
 
Team Name: Admirals
Arena Name: BMO Harris Bradley Center
City Name: Milwaukee
Full City Name: Milwaukee, WI
Full Name: Milwaukee Admirals
Conference: Western
Division: Central
 
Team Name: IceHogs
Arena Name: BMO Harris Bank Center
City Name: Rockford
Full City Name: Rockford, IL
Full Name: Rockford IceHogs
Conference: Western
Division: Central
 
Inserting AHL Teams From Pacific Division.

Team Name: Condors
Arena Name: Rabobank Arena
City Name: Bakersfield
Full City Name: Bakersfield, CA
Full Name: Bakersfield Condors
Conference: Western
Division: Pacific
 
Team Name: Reign
Arena Name: Citizens Business Bank Arena
City Name: Ontario
Full City Name: Ontario, CA
Full Name: Ontario Reign
Conference: Western
Division: Pacific
 
Team Name: Rampage
Arena Name: AT&T Center
City Name: San Antonio
Full City Name: San Antonio, TX
Full Name: San Antonio Rampage
Conference: Western
Division: Pacific
 
Team Name: Gulls
Arena Name: Valley View Casino Center
City Name: San Diego
Full City Name: San Diego, CA
Full Name: San Diego Gulls
Conference: Western
Division: Pacific
 
Team Name: Barracuda
Arena Name: SAP Center
City Name: San Jose
Full City Name: San Jose, CA
Full Name: San Jose Barracuda
Conference: Western
Division: Pacific
 
Team Name: Heat
Arena Name: Stockton Arena
City Name: Stockton
Full City Name: Stockton, CA
Full Name: Stockton Heat
Conference: Western
Division: Pacific
 
Team Name: Stars
Arena Name: Cedar Park Center
City Name: Cedar Park
Full City Name: Cedar Park, TX
Full Name: Texas Stars
Conference: Western
Division: Pacific
 
Arena Name: Raley Field
City Name: West Sacramento
Full City Name: West Sacramento, CA
 
DONE! All Team Data Inserted.
Creating AHL Game Table.
Database Check Return: ok

DONE! All Game Data Inserted.
DONE! AHL Database Created.
