Creating ECHL Database.
Creating ECHL Conference Table.
Inserting ECHL Conference Data.
Conference Name: Eastern
 
Conference Name: Western
 
Creating ECHL Division Table.
Inserting ECHL Division Data.
Conference Name: Eastern
Division Name: East
 
Conference Name: Eastern
Division Name: North
 
Conference Name: Eastern
Division Name: South
 
Conference Name: Western
Division Name: Midwest
 
Conference Name: Western
Division Name: Central
 
Conference Name: Western
Division Name: West
 
Creating ECHL Team Table.
Inserting ECHL Team Data.
Inserting ECHL Teams From Eastern Conference.
Inserting ECHL Teams From East Division.

Team Name: Jackals
Arena Name: First Arena
City Name: Elmira
Full City Name: Elmira, NY
Full Name: Elmira Jackals
Conference: Eastern
Division: East
 
Team Name: Royals
Arena Name: Santander Arena
City Name: Reading
Full City Name: Reading, PA
Full Name: Reading Royals
Conference: Eastern
Division: East
 
Team Name: Admirals
Arena Name: Norfolk Scope
City Name: Norfolk
Full City Name: Norfolk, VA
Full Name: Norfolk Admirals
Conference: Eastern
Division: East
 
Team Name: Thunder
Arena Name: Glens Falls Civic Center
City Name: Glens Falls
Full City Name: Glens Falls, NY
Full Name: Adirondack Thunder
Conference: Eastern
Division: East
 
Team Name: Monarchs
Arena Name: Verizon Wireless Arena
City Name: Manchester
Full City Name: Manchester, NH
Full Name: Manchester Monarchs
Conference: Eastern
Division: East
 
Inserting ECHL Teams From North Division.

Team Name: Wings
Arena Name: Wings Event Center
City Name: Kalamazoo
Full City Name: Kalamazoo, MI
Full Name: Kalamazoo Wings
Conference: Eastern
Division: North
 
Team Name: Walleye
Arena Name: Huntington Center
City Name: Toledo
Full City Name: Toledo, OH
Full Name: Toledo Walleye
Conference: Eastern
Division: North
 
Team Name: Nailers
Arena Name: WesBanco Arena
City Name: Wheeling
Full City Name: Wheeling, WV
Full Name: Wheeling Nailers
Conference: Eastern
Division: North
 
Team Name: Beast
Arena Name: Powerade Centre
City Name: Brampton
Full City Name: Brampton, ON
Full Name: Brampton Beast
Conference: Eastern
Division: North
 
Inserting ECHL Teams From South Division.

Team Name: Gladiators
Arena Name: Infinite Energy Arena
City Name: Duluth
Full City Name: Duluth, GA
Full Name: Atlanta Gladiators
Conference: Eastern
Division: South
 
Team Name: Swamp Rabbits
Arena Name: Bon Secours Wellness Arena
City Name: Greenville
Full City Name: Greenville, SC
Full Name: Greenville Swamp Rabbits
Conference: Eastern
Division: South
 
Team Name: Everblades
Arena Name: Germain Arena
City Name: Estero
Full City Name: Estero, FL
Full Name: Florida Everblades
Conference: Eastern
Division: South
 
Team Name: Solar Bears
Arena Name: Amway Center
City Name: Orlando
Full City Name: Orlando, FL
Full Name: Orlando Solar Bears
Conference: Eastern
Division: South
 
Team Name: Stingrays
Arena Name: North Charleston Coliseum
City Name: North Charleston
Full City Name: North Charleston, SC
Full Name: South Carolina Stingrays
Conference: Eastern
Division: South
 
Inserting ECHL Teams From Western Conference.
Inserting ECHL Teams From Midwest Division.

Team Name: Mallards
Arena Name: iWireless Center
City Name: Moline
Full City Name: Moline, IL
Full Name: Quad City Mallards
Conference: Western
Division: Midwest
 
Team Name: IceMen
Arena Name: Ford Center
City Name: Evansville
Full City Name: Evansville, IN
Full Name: Evansville IceMen
Conference: Western
Division: Midwest
 
Team Name: Fuel
Arena Name: Indiana Farmers Coliseum
City Name: Indianapolis
Full City Name: Indianapolis, IN
Full Name: Indy Fuel
Conference: Western
Division: Midwest
 
Team Name: Komets
Arena Name: Allen County War Memorial Coliseum
City Name: Fort Wayne
Full City Name: Fort Wayne, IN
Full Name: Fort Wayne Komets
Conference: Western
Division: Midwest
 
Team Name: Cyclones
Arena Name: US Bank Arena
City Name: Cincinnati
Full City Name: Cincinnati, OH
Full Name: Cincinnati Cyclones
Conference: Western
Division: Midwest
 
Inserting ECHL Teams From Central Division.

Team Name: Thunder
Arena Name: Intrust Bank Arena
City Name: Wichita
Full City Name: Wichita, KS
Full Name: Wichita Thunder
Conference: Western
Division: Central
 
Team Name: Americans
Arena Name: Allen Event Center
City Name: Allen
Full City Name: Allen, TX
Full Name: Allen Americans
Conference: Western
Division: Central
 
Team Name: Oilers
Arena Name: BOK Center
City Name: Tulsa
Full City Name: Tulsa, OK
Full Name: Tulsa Oilers
Conference: Western
Division: Central
 
Team Name: Mavericks
Arena Name: Silverstein Eye Centers Arena
City Name: Independence
Full City Name: Independence, MO
Full Name: Missouri Mavericks
Conference: Western
Division: Central
 
Inserting ECHL Teams From West Division.

Team Name: Aces
Arena Name: Sullivan Arena
City Name: Anchorage
Full City Name: Anchorage, AK
Full Name: Alaska Aces
Conference: Western
Division: West
 
Team Name: Steelheads
Arena Name: CenturyLink Arena
City Name: Boise
Full City Name: Boise, ID
Full Name: Idaho Steelheads
Conference: Western
Division: West
 
Team Name: Grizzlies
Arena Name: Maverik Center
City Name: West Valley City
Full City Name: West Valley City, UT
Full Name: Utah Grizzlies
Conference: Western
Division: West
 
Team Name: Eagles
Arena Name: Budweiser Events Center
City Name: Loveland
Full City Name: Loveland, CO
Full Name: Colorado Eagles
Conference: Western
Division: West
 
Team Name: Rush
Arena Name: Rushmore Plaza Civic Center
City Name: Rapid City
Full City Name: Rapid City, SD
Full Name: Rapid City Rush
Conference: Western
Division: West
 
DONE! All Team Data Inserted.
Creating ECHL Game Table.
Database Check Return: ok

DONE! All Game Data Inserted.
DONE! ECHL Database Created.
